0 info it worked if it ends with ok
1 verbose cli [ '/usr/local/bin/node',
1 verbose cli   '/usr/local/bin/npm',
1 verbose cli   'install',
1 verbose cli   '--save-dev',
1 verbose cli   'gulp',
1 verbose cli   'gulp-mocha',
1 verbose cli   'mocha-chai' ]
2 info using npm@1.4.28
3 info using node@v0.10.33
4 warn package.json node-cache@1.0.0 No README data
5 verbose readDependencies using package.json deps
6 verbose cache add [ 'gulp', null ]
7 verbose cache add name=undefined spec="gulp" args=["gulp",null]
8 verbose parsed url { protocol: null,
8 verbose parsed url   slashes: null,
8 verbose parsed url   auth: null,
8 verbose parsed url   host: null,
8 verbose parsed url   port: null,
8 verbose parsed url   hostname: null,
8 verbose parsed url   hash: null,
8 verbose parsed url   search: null,
8 verbose parsed url   query: null,
8 verbose parsed url   pathname: 'gulp',
8 verbose parsed url   path: 'gulp',
8 verbose parsed url   href: 'gulp' }
9 verbose cache add [ 'gulp-mocha', null ]
10 verbose cache add name=undefined spec="gulp-mocha" args=["gulp-mocha",null]
11 verbose parsed url { protocol: null,
11 verbose parsed url   slashes: null,
11 verbose parsed url   auth: null,
11 verbose parsed url   host: null,
11 verbose parsed url   port: null,
11 verbose parsed url   hostname: null,
11 verbose parsed url   hash: null,
11 verbose parsed url   search: null,
11 verbose parsed url   query: null,
11 verbose parsed url   pathname: 'gulp-mocha',
11 verbose parsed url   path: 'gulp-mocha',
11 verbose parsed url   href: 'gulp-mocha' }
12 verbose cache add [ 'mocha-chai', null ]
13 verbose cache add name=undefined spec="mocha-chai" args=["mocha-chai",null]
14 verbose parsed url { protocol: null,
14 verbose parsed url   slashes: null,
14 verbose parsed url   auth: null,
14 verbose parsed url   host: null,
14 verbose parsed url   port: null,
14 verbose parsed url   hostname: null,
14 verbose parsed url   hash: null,
14 verbose parsed url   search: null,
14 verbose parsed url   query: null,
14 verbose parsed url   pathname: 'mocha-chai',
14 verbose parsed url   path: 'mocha-chai',
14 verbose parsed url   href: 'mocha-chai' }
15 silly lockFile 9750c68d-gulp gulp
16 verbose lock gulp /Users/wasposellers/.npm/9750c68d-gulp.lock
17 silly lockFile dc00f1bc-gulp-mocha gulp-mocha
18 verbose lock gulp-mocha /Users/wasposellers/.npm/dc00f1bc-gulp-mocha.lock
19 silly lockFile 430b831a-mocha-chai mocha-chai
20 verbose lock mocha-chai /Users/wasposellers/.npm/430b831a-mocha-chai.lock
21 silly lockFile 9750c68d-gulp gulp
22 silly lockFile 9750c68d-gulp gulp
23 silly lockFile dc00f1bc-gulp-mocha gulp-mocha
24 silly lockFile dc00f1bc-gulp-mocha gulp-mocha
25 verbose addNamed [ 'gulp', '' ]
26 verbose addNamed [ null, '*' ]
27 silly lockFile 72f4391e-gulp gulp@
28 verbose lock gulp@ /Users/wasposellers/.npm/72f4391e-gulp.lock
29 verbose addNamed [ 'gulp-mocha', '' ]
30 verbose addNamed [ null, '*' ]
31 silly lockFile 06e85136-gulp-mocha gulp-mocha@
32 verbose lock gulp-mocha@ /Users/wasposellers/.npm/06e85136-gulp-mocha.lock
33 silly lockFile 430b831a-mocha-chai mocha-chai
34 silly lockFile 430b831a-mocha-chai mocha-chai
35 silly addNameRange { name: 'gulp', range: '*', hasData: false }
36 verbose addNamed [ 'mocha-chai', '' ]
37 verbose addNamed [ null, '*' ]
38 silly lockFile b5e0c087-mocha-chai mocha-chai@
39 verbose lock mocha-chai@ /Users/wasposellers/.npm/b5e0c087-mocha-chai.lock
40 silly addNameRange { name: 'gulp-mocha', range: '*', hasData: false }
41 silly addNameRange { name: 'mocha-chai', range: '*', hasData: false }
42 verbose request where is /mocha-chai
43 verbose request registry http://icsnpm.ldschurch.org/
44 verbose request id fca54b938fc201d9
45 verbose url raw /mocha-chai
46 verbose url resolving [ 'http://icsnpm.ldschurch.org/', './mocha-chai' ]
47 verbose url resolved http://icsnpm.ldschurch.org/mocha-chai
48 verbose request where is http://icsnpm.ldschurch.org/mocha-chai
49 info trying registry request attempt 1 at 11:10:14
50 http GET http://icsnpm.ldschurch.org/mocha-chai
51 verbose request where is /gulp-mocha
52 verbose request registry http://icsnpm.ldschurch.org/
53 verbose url raw /gulp-mocha
54 verbose url resolving [ 'http://icsnpm.ldschurch.org/', './gulp-mocha' ]
55 verbose url resolved http://icsnpm.ldschurch.org/gulp-mocha
56 verbose request where is http://icsnpm.ldschurch.org/gulp-mocha
57 info trying registry request attempt 1 at 11:10:14
58 verbose etag "1846d743bfec1a87f698de147c02751d"
59 http GET http://icsnpm.ldschurch.org/gulp-mocha
60 verbose request where is /gulp
61 verbose request registry http://icsnpm.ldschurch.org/
62 verbose url raw /gulp
63 verbose url resolving [ 'http://icsnpm.ldschurch.org/', './gulp' ]
64 verbose url resolved http://icsnpm.ldschurch.org/gulp
65 verbose request where is http://icsnpm.ldschurch.org/gulp
66 info trying registry request attempt 1 at 11:10:14
67 verbose etag "ad4dadbcbbcc9c97576c7759037a8efb"
68 http GET http://icsnpm.ldschurch.org/gulp
69 http 404 http://icsnpm.ldschurch.org/mocha-chai
70 verbose headers { 'x-powered-by': 'Sinopia/0.12.0',
70 verbose headers   'content-type': 'application/json; charset=utf-8',
70 verbose headers   'content-length': '42',
70 verbose headers   etag: 'W/"2a-412941920"',
70 verbose headers   vary: 'Accept-Encoding',
70 verbose headers   'x-status-cat': 'http://flic.kr/p/aV6juR',
70 verbose headers   date: 'Tue, 09 Dec 2014 18:10:14 GMT',
70 verbose headers   connection: 'keep-alive' }
71 silly registry.get cb [ 404,
71 silly registry.get   { 'x-powered-by': 'Sinopia/0.12.0',
71 silly registry.get     'content-type': 'application/json; charset=utf-8',
71 silly registry.get     'content-length': '42',
71 silly registry.get     etag: 'W/"2a-412941920"',
71 silly registry.get     vary: 'Accept-Encoding',
71 silly registry.get     'x-status-cat': 'http://flic.kr/p/aV6juR',
71 silly registry.get     date: 'Tue, 09 Dec 2014 18:10:14 GMT',
71 silly registry.get     connection: 'keep-alive' } ]
72 silly lockFile b5e0c087-mocha-chai mocha-chai@
73 silly lockFile b5e0c087-mocha-chai mocha-chai@
74 http 200 http://icsnpm.ldschurch.org/gulp-mocha
75 silly registry.get cb [ 200,
75 silly registry.get   { 'x-powered-by': 'Sinopia/0.12.0',
75 silly registry.get     'content-type': 'application/json; charset=utf-8',
75 silly registry.get     etag: '"74f2b91cd2774e213b8382ee694b7194"',
75 silly registry.get     vary: 'Accept-Encoding',
75 silly registry.get     'content-encoding': 'gzip',
75 silly registry.get     'x-status-cat': 'http://flic.kr/p/aVuVsF',
75 silly registry.get     date: 'Tue, 09 Dec 2014 18:10:14 GMT',
75 silly registry.get     connection: 'keep-alive',
75 silly registry.get     'transfer-encoding': 'chunked' } ]
76 silly addNameRange number 2 { name: 'gulp-mocha', range: '*', hasData: true }
77 silly addNameRange versions [ 'gulp-mocha',
77 silly addNameRange   [ '0.1.0',
77 silly addNameRange     '0.1.1',
77 silly addNameRange     '0.1.2',
77 silly addNameRange     '0.1.3',
77 silly addNameRange     '0.2.0',
77 silly addNameRange     '0.3.0',
77 silly addNameRange     '0.4.0',
77 silly addNameRange     '0.4.1',
77 silly addNameRange     '0.5.0',
77 silly addNameRange     '0.5.1',
77 silly addNameRange     '0.5.2',
77 silly addNameRange     '1.0.0',
77 silly addNameRange     '1.1.0',
77 silly addNameRange     '1.1.1',
77 silly addNameRange     '1.1.2',
77 silly addNameRange     '2.0.0' ] ]
78 verbose addNamed [ 'gulp-mocha', '2.0.0' ]
79 verbose addNamed [ '2.0.0', '2.0.0' ]
80 silly lockFile 2ef58e4f-gulp-mocha-2-0-0 gulp-mocha@2.0.0
81 verbose lock gulp-mocha@2.0.0 /Users/wasposellers/.npm/2ef58e4f-gulp-mocha-2-0-0.lock
82 silly lockFile 9b266e6e--gulp-mocha-gulp-mocha-2-0-0-tgz http://icsnpm.ldschurch.org/gulp-mocha/-/gulp-mocha-2.0.0.tgz
83 verbose lock http://icsnpm.ldschurch.org/gulp-mocha/-/gulp-mocha-2.0.0.tgz /Users/wasposellers/.npm/9b266e6e--gulp-mocha-gulp-mocha-2-0-0-tgz.lock
84 verbose addRemoteTarball [ 'http://icsnpm.ldschurch.org/gulp-mocha/-/gulp-mocha-2.0.0.tgz',
84 verbose addRemoteTarball   '2cdb3204649d501d3ef6cd5923d45dce63ff3294' ]
85 info retry fetch attempt 1 at 11:10:14
86 verbose fetch to= /var/folders/14/n0v7jy4d0zg8tx5w6mk90dw04km3cy/T/npm-1628-JlnOv39M/icsnpm.ldschurch.org/gulp-mocha/-/gulp-mocha-2.0.0.tgz
87 http GET http://icsnpm.ldschurch.org/gulp-mocha/-/gulp-mocha-2.0.0.tgz
88 http 200 http://icsnpm.ldschurch.org/gulp-mocha/-/gulp-mocha-2.0.0.tgz
89 silly lockFile 9b266e6e--gulp-mocha-gulp-mocha-2-0-0-tgz http://icsnpm.ldschurch.org/gulp-mocha/-/gulp-mocha-2.0.0.tgz
90 silly lockFile 9b266e6e--gulp-mocha-gulp-mocha-2-0-0-tgz http://icsnpm.ldschurch.org/gulp-mocha/-/gulp-mocha-2.0.0.tgz
91 silly lockFile 2ef58e4f-gulp-mocha-2-0-0 gulp-mocha@2.0.0
92 silly lockFile 2ef58e4f-gulp-mocha-2-0-0 gulp-mocha@2.0.0
93 silly lockFile 06e85136-gulp-mocha gulp-mocha@
94 silly lockFile 06e85136-gulp-mocha gulp-mocha@
95 http 200 http://icsnpm.ldschurch.org/gulp
96 silly registry.get cb [ 200,
96 silly registry.get   { 'x-powered-by': 'Sinopia/0.12.0',
96 silly registry.get     'content-type': 'application/json; charset=utf-8',
96 silly registry.get     etag: '"5176effb46b36f483718c91ceffac404"',
96 silly registry.get     vary: 'Accept-Encoding',
96 silly registry.get     'content-encoding': 'gzip',
96 silly registry.get     'x-status-cat': 'http://flic.kr/p/aVuVsF',
96 silly registry.get     date: 'Tue, 09 Dec 2014 18:10:15 GMT',
96 silly registry.get     connection: 'keep-alive',
96 silly registry.get     'transfer-encoding': 'chunked' } ]
97 silly addNameRange number 2 { name: 'gulp', range: '*', hasData: true }
98 silly addNameRange versions [ 'gulp',
98 silly addNameRange   [ '0.0.1',
98 silly addNameRange     '0.0.2',
98 silly addNameRange     '0.0.3',
98 silly addNameRange     '0.0.4',
98 silly addNameRange     '0.0.5',
98 silly addNameRange     '0.0.7',
98 silly addNameRange     '0.0.8',
98 silly addNameRange     '0.0.9',
98 silly addNameRange     '0.1.0',
98 silly addNameRange     '0.2.0',
98 silly addNameRange     '1.0.0',
98 silly addNameRange     '1.1.0',
98 silly addNameRange     '1.2.0',
98 silly addNameRange     '1.2.1',
98 silly addNameRange     '2.0.0',
98 silly addNameRange     '2.0.1',
98 silly addNameRange     '2.1.0',
98 silly addNameRange     '2.2.0',
98 silly addNameRange     '2.3.0',
98 silly addNameRange     '2.4.0',
98 silly addNameRange     '2.4.1',
98 silly addNameRange     '2.6.0',
98 silly addNameRange     '2.6.1',
98 silly addNameRange     '2.7.0',
98 silly addNameRange     '3.0.0',
98 silly addNameRange     '3.1.1',
98 silly addNameRange     '3.1.2',
98 silly addNameRange     '3.1.3',
98 silly addNameRange     '3.1.4',
98 silly addNameRange     '3.2.0',
98 silly addNameRange     '3.2.1',
98 silly addNameRange     '3.2.2',
98 silly addNameRange     '3.2.3',
98 silly addNameRange     '3.2.4',
98 silly addNameRange     '3.2.5',
98 silly addNameRange     '3.3.0',
98 silly addNameRange     '3.3.1',
98 silly addNameRange     '3.3.2',
98 silly addNameRange     '3.3.4',
98 silly addNameRange     '3.4.0',
98 silly addNameRange     '3.5.0',
98 silly addNameRange     '3.5.1',
98 silly addNameRange     '3.5.2',
98 silly addNameRange     '3.5.5',
98 silly addNameRange     '3.5.6',
98 silly addNameRange     '3.6.0',
98 silly addNameRange     '3.6.1',
98 silly addNameRange     '3.6.2',
98 silly addNameRange     '3.7.0',
98 silly addNameRange     '3.8.0',
98 silly addNameRange     '3.8.1',
98 silly addNameRange     '3.8.2',
98 silly addNameRange     '3.8.3',
98 silly addNameRange     '3.8.4',
98 silly addNameRange     '3.8.5',
98 silly addNameRange     '3.8.6',
98 silly addNameRange     '3.8.7',
98 silly addNameRange     '3.8.8',
98 silly addNameRange     '3.8.9',
98 silly addNameRange     '3.8.10' ] ]
99 verbose addNamed [ 'gulp', '3.8.10' ]
100 verbose addNamed [ '3.8.10', '3.8.10' ]
101 silly lockFile f843d0d7-gulp-3-8-10 gulp@3.8.10
102 verbose lock gulp@3.8.10 /Users/wasposellers/.npm/f843d0d7-gulp-3-8-10.lock
103 silly lockFile f843d0d7-gulp-3-8-10 gulp@3.8.10
104 silly lockFile f843d0d7-gulp-3-8-10 gulp@3.8.10
105 silly lockFile 72f4391e-gulp gulp@
106 silly lockFile 72f4391e-gulp gulp@
107 error Error: no such package available : mocha-chai
107 error     at RegClient.<anonymous> (/usr/local/lib/node_modules/npm/node_modules/npm-registry-client/lib/request.js:308:14)
107 error     at Request._callback (/usr/local/lib/node_modules/npm/node_modules/npm-registry-client/lib/request.js:246:65)
107 error     at Request.self.callback (/usr/local/lib/node_modules/npm/node_modules/request/request.js:236:22)
107 error     at Request.emit (events.js:98:17)
107 error     at Request.<anonymous> (/usr/local/lib/node_modules/npm/node_modules/request/request.js:1142:14)
107 error     at Request.emit (events.js:117:20)
107 error     at IncomingMessage.<anonymous> (/usr/local/lib/node_modules/npm/node_modules/request/request.js:1096:12)
107 error     at IncomingMessage.emit (events.js:117:20)
107 error     at _stream_readable.js:943:16
107 error     at process._tickCallback (node.js:419:13)
108 error If you need help, you may report this *entire* log,
108 error including the npm and node versions, at:
108 error     <http://github.com/npm/npm/issues>
109 error System Darwin 14.0.0
110 error command "/usr/local/bin/node" "/usr/local/bin/npm" "install" "--save-dev" "gulp" "gulp-mocha" "mocha-chai"
111 error cwd /Users/wasposellers/projects/node-cache
112 error node -v v0.10.33
113 error npm -v 1.4.28
114 verbose exit [ 1, true ]
